<?xml version="1.0" encoding="UTF-8"?>
<!-- Generated by org.testng.reporters.JUnitReportReporter -->
<testsuite skipped="0" hostname="DESKTOP-QQHIPVQ" name="Academy.Home" tests="1" failures="0" timestamp="15 Apr 2021 03:38:56 GMT" time="6.153" errors="0">
  <testcase name="basePageNavigation" time="6.153" classname="Academy.Home"/>
</testsuite> <!-- Academy.Home -->
