<?xml version="1.0" encoding="UTF-8"?>
<!-- Generated by org.testng.reporters.JUnitReportReporter -->
<testsuite skipped="0" hostname="DESKTOP-QQHIPVQ" name="Academy.validateNavigationBar" tests="1" failures="0" timestamp="12 May 2021 05:49:14 GMT" time="0.280" errors="0">
  <testcase name="basePageNavigation" time="0.280" classname="Academy.validateNavigationBar"/>
</testsuite> <!-- Academy.validateNavigationBar -->
