<?xml version="1.0" encoding="UTF-8"?>
<!-- Generated by org.testng.reporters.JUnitReportReporter -->
<testsuite skipped="0" hostname="DESKTOP-QQHIPVQ" name="Academy.HomePage" tests="2" failures="0" timestamp="12 May 2021 05:49:14 GMT" time="25.624" errors="0">
  <testcase name="basePageNavigation" time="4.835" classname="Academy.HomePage"/>
  <testcase name="basePageNavigation" time="20.789" classname="Academy.HomePage"/>
</testsuite> <!-- Academy.HomePage -->
